           *******************************************************
                            Listing of SPARK Text
                              Examiner GPL 2012
             Copyright (C) 2012 Altran Praxis Limited, Bath, U.K.
           *******************************************************


                        DATE : 20-OCT-2016 02:20:27.28

Line
   1  package body Console
   2  is
   3  	--hidden from packages using console
   4  	Reset_Status: Boolean;
   5  	SPAD_Cnt: SPAD_Cnt_SubType;
   6  
   7  	procedure Enable_Reset
   8  	is
   9  	begin
  10  		Reset_Status := true;
  11  	end Enable_Reset;

+++        Flow analysis of subprogram Enable_Reset 
           performed (information-flow mode): no errors found.

  12  
  13  	procedure Disable_Reset
  14  	is
  15  	begin
  16  		Reset_Status := false;
  17  	end Disable_Reset;

+++        Flow analysis of subprogram Disable_Reset 
           performed (information-flow mode): no errors found.

  18  
  19  	function Reset_Enabled return Boolean
  20  	is
  21  	begin
  22  		return Reset_Status;
  23  	end Reset_Enabled;

+++        Flow analysis of subprogram Reset_Enabled 
           performed (information-flow mode): no errors found.

  24  
  25  	procedure Inc_SPAD_Cnt
  26  	is
  27  	begin
  28  		if SPAD_Cnt < SPAD_Cnt_SubType'Last then
  29  		--# check SPAD_Cnt + 1 in Integer;
  30  		SPAD_Cnt := SPAD_Cnt + 1;
  31  		end if;
  32  	end Inc_SPAD_Cnt;

+++        Flow analysis of subprogram Inc_SPAD_Cnt 
           performed (information-flow mode): no errors found.

  33  
  34  	procedure Reset_SPAD_Cnt
  35  	is
  36  	begin
  37  		SPAD_Cnt := 0;
  38  	end Reset_SPAD_Cnt;

+++        Flow analysis of subprogram Reset_SPAD_Cnt 
           performed (information-flow mode): no errors found.

  39  
  40  	function SPAD_Cnt_Value return Integer
  41  	is
  42  	begin
  43  		return SPAD_Cnt;
  44  	end SPAD_Cnt_Value;

+++        Flow analysis of subprogram SPAD_Cnt_Value 
           performed (information-flow mode): no errors found.

  45  begin
  46  	Reset_Status := false;
  47  	SPAD_Cnt := 0;
  48  end Console;

+++        Flow analysis of package initialization 
           performed: no errors found.


Note: Flow analysis mode is automatic


--End of file--------------------------------------------------
