           *******************************************************
                            Listing of SPARK Text
                              Examiner GPL 2012
             Copyright (C) 2012 Altran Praxis Limited, Bath, U.K.
           *******************************************************


                        DATE : 20-OCT-2016 01:39:02.48

Line
   1  with Brakes, Alarm;
   2  package body Console
   3  is
   4  	--hidden from packages using console
   5  	Reset_Status: Boolean;
   6  	SPAD_Cnt: SPAD_Cnt_SubType;
   7  
   8  	procedure Enable_Reset
   9  	is
  10  	begin
  11  		Reset_Status := true;
  12  	end Enable_Reset;

+++        Flow analysis of subprogram Enable_Reset 
           performed (information-flow mode): no errors found.

  13  
  14  	procedure Disable_Reset
  15  	is
  16  	begin
  17  		Reset_Status := false;	
  18  	end Disable_Reset;

+++        Flow analysis of subprogram Disable_Reset 
           performed (information-flow mode): no errors found.

  19  
  20  	function Reset_Enabled return Boolean
  21  	is
  22  	begin
  23  		return Reset_Status;
  24  	end Reset_Enabled;

+++        Flow analysis of subprogram Reset_Enabled 
           performed (information-flow mode): no errors found.

  25  
  26  	procedure Inc_SPAD_Cnt
  27  	is
  28  	begin
  29  		if SPAD_Cnt < SPAD_Cnt_SubType'Last then
  30  		--# check SPAD_Cnt + 1 in Integer;
  31  		SPAD_Cnt := SPAD_Cnt + 1;
  32  		end if;
  33  	end Inc_SPAD_Cnt;

+++        Flow analysis of subprogram Inc_SPAD_Cnt 
           performed (information-flow mode): no errors found.

  34  
  35  	procedure Reset_SPAD_Cnt
  36  	is
  37  	begin
  38  		SPAD_Cnt := 0;
  39  	end Reset_SPAD_Cnt;

+++        Flow analysis of subprogram Reset_SPAD_Cnt 
           performed (information-flow mode): no errors found.

  40  
  41  	function SPAD_Cnt_Value return Integer
  42  	is
  43  	begin
  44  		return SPAD_Cnt;
  45  	end SPAD_Cnt_Value;

+++        Flow analysis of subprogram SPAD_Cnt_Value 
           performed (information-flow mode): no errors found.

  46  begin
  47  	Reset_Status := false;
  48  	SPAD_Cnt := 0;
  49  end Console;

+++        Flow analysis of package initialization 
           performed: no errors found.


Note: Flow analysis mode is automatic


--End of file--------------------------------------------------
