           *******************************************************
                            Listing of SPARK Text
                              Examiner GPL 2012
             Copyright (C) 2012 Altran Praxis Limited, Bath, U.K.
           *******************************************************


                        DATE : 14-OCT-2016 21:46:40.98

Line
   1  
   2  -- Author:              A. Ireland
   3  --
   4  -- Address:             School Mathematical & Computer Sciences
   5  --                      Heriot-Watt University
   6  --                      Edinburgh, EH14 4AS
   7  --
   8  -- E-mail:              a.ireland@hw.ac.uk
   9  --
  10  -- Last modified:       19/10/2002
  11  --
  12  -- Filename:            env.adb
  13  --
  14  -- Description:         Provides the drivers required for simulating the
  15  --                      environment in which the ATP system operates.
  16  
  17  
  18  with Text_IO, Sensors, Speedo, Console;
  19  use type Sensors.Sensor_Type;
  20  
  21  package body Env is
  22  
  23     Env_File: Text_IO.File_Type;
  24  
  25     package Integer_INOUT is new Text_IO.Integer_IO(Integer);
                                  ^1
*** (  1)  Syntax Error      : No complete VISIBLE_PART_REP can be followed by 
           reserved word "NEW" here.

  26  
  27     procedure Update is
  28  
  29        Sensor_1: Integer;
  30        Sensor_2: Integer;
  31        Sensor_3: Integer;
  32        Speed:    Speedo.Speed_Type;
  33        ResetSig: Integer;
  34  
  35        function Int_To_Sensor_Type(X: in Sensor_Range) return Sensors.Sensor_Type is
                                                                                       ^2
*** (  2)  Syntax Error      : No complete FUNCTION_SPECIFICATION can be 
           followed by reserved word "IS" here.

  36        begin
  37           case X is
  38              when 0 => return Sensors.Proceed;
  39              when 1 => return Sensors.Caution;
  40              when 2 => return Sensors.Danger;
  41              when 3 => return Sensors.Undef;
  42           end case;
  43        end Int_To_Sensor_Type;
  44  
  45     begin
         ^3
*** (  3)  Syntax Error      : No complete COMPILATION_UNIT can be followed by 
           reserved word "BEGIN" here.

  46        Integer_INOUT.Get(Env_File, Sensor_1);
  47        Integer_INOUT.Get(Env_File, Sensor_2);
  48        Integer_INOUT.Get(Env_File, Sensor_3);
  49        Integer_INOUT.Get(Env_File, Speed);
  50        Integer_INOUT.Get(Env_File, ResetSig);
  51        Sensors.Write_Sensors(Int_To_Sensor_Type(Sensor_1),
  52                              Int_To_Sensor_Type(Sensor_2),
  53                              Int_To_Sensor_Type(Sensor_3));
  54        Speedo.Write_Speed(Speed);
  55        if ResetSig = 1 then
  56           Console.Enable_Reset;
  57        else
  58           Console.Disable_Reset;
  59        end if;
  60        Text_IO.Put('.');
  61     end Update;
  62  
  63     function At_End return Boolean is
  64     begin
  65        return Text_IO.End_Of_File(Env_File);
  66     end At_End;
  67  
  68     procedure Open_File is
  69     begin
  70        Text_IO.Open(Env_File, Text_IO.In_File, "env.dat");
  71     end Open_File;
  72  
  73     procedure Close_File is
  74     begin
  75        Text_IO.Close(Env_File);
  76        Text_IO.Put_Line(" [ complete ]");
  77     end Close_File;
  78  
  79  end Env;
  80  
  81  

Note: Flow analysis mode is automatic


--End of file--------------------------------------------------
